[2014-11-18 19:38:45][1104][INFO]return successfully!
[2014-11-18 19:38:45][1104][INFO]return successfully! | ***********************************
[2014-11-18 19:38:45][1104][INFO]return successfully! | ***** interface request start *****
[2014-11-18 19:38:45][1104][INFO]return successfully! | request:
[2014-11-18 19:38:45][1104][INFO]return successfully! | get:array (
)
[2014-11-18 19:38:45][1104][C:\PHPnow-1.5.6\htdocs\gamecenter\application\controllers\echo_server.php][index][48][ERROR][0] return successfully! | error input!
[2014-11-18 19:38:45][1104][INFO]return successfully! | ***** interface request end *****
[2014-11-18 19:38:45][1104][INFO]return successfully! | *********************************
[2014-11-18 19:38:45][1104][INFO]return successfully!
[2014-11-18 19:41:16][1104][INFO]return successfully!
[2014-11-18 19:41:16][1104][INFO]return successfully! | ***********************************
[2014-11-18 19:41:16][1104][INFO]return successfully! | ***** interface request start *****
[2014-11-18 19:41:16][1104][INFO]return successfully! | request:
[2014-11-18 19:41:16][1104][INFO]return successfully! | get:array (
)
[2014-11-18 19:41:16][1104][C:\PHPnow-1.5.6\htdocs\gamecenter\application\controllers\echo_server.php][index][48][ERROR][0] return successfully! | error input!
[2014-11-18 19:41:16][1104][INFO]return successfully! | ***** interface request end *****
[2014-11-18 19:41:16][1104][INFO]return successfully! | *********************************
[2014-11-18 19:41:16][1104][INFO]return successfully!
